<?xml version="1.0" encoding="UTF-8"?>
<testsuites name="TestSuite1" time="68.513" tests="2" failures="0" errors="0">
   <testsuite name="TestSuite1" tests="2" failures="0" errors="0" time="68.513" skipped="0" timestamp="2021-08-11 16:22:05" hostname="HP - LAPTOP-CBKH7654" id="Test Suites/TestSuite1">
      <properties>
         <property name="deviceName" value=""/>
         <property name="devicePlatform" value=""/>
         <property name="logFolder" value="C:\\Users\\HP\\git\\katalon-git-test\\Reports\\20210811_162147\\TestSuite1\\20210811_162156"/>
         <property name="logFiles" value="C:\\Users\\HP\\git\\katalon-git-test\\Reports\\20210811_162147\\TestSuite1\\20210811_162156\\execution0.log"/>
         <property name="attachments" value=""/>
         <property name="hostName" value="HP - LAPTOP-CBKH7654"/>
         <property name="os" value="Windows 10 64bit"/>
         <property name="katalonVersion" value="8.0.5.208"/>
         <property name="browser" value="Chrome 92.0.4515.131"/>
         <property name="hostAddress" value="192.168.56.1"/>
         <property name="sessionId" value="63335cb88d08d0bef06a19b8ae135e50"/>
         <property name="seleniumVersion" value="3.141.59"/>
         <property name="proxyInformation" value="ProxyInformation { proxyOption=NO_PROXY, proxyServerType=HTTP, username=, password=********, proxyServerAddress=, proxyServerPort=0, executionList=&quot;&quot;, isApplyToDesiredCapabilities=true }"/>
         <property name="platform" value="Windows 10"/>
      </properties>
      <testcase name="Test Cases/Tom Test" time="44.53" classname="Test Cases/Tom Test" status="PASSED">
         <system-out><![CDATA[2021-08-11 16:22:05 - [TEST_CASE][PASSED] - Test Cases/Tom Test: Test Cases/Tom Test

2021-08-11 16:22:06 - [TEST_STEP][PASSED] - openBrowser("https://www.katalon.com"): Browser is opened with url: 'https://www.katalon.com'

2021-08-11 16:22:06 - [MESSAGE][INFO] - Starting 'Chrome' driver

2021-08-11 16:22:06 - [MESSAGE][INFO] - Action delay is set to 0 milliseconds

2021-08-11 16:22:49 - [MESSAGE][PASSED] - Browser is opened with url: 'https://www.katalon.com'

2021-08-11 16:22:49 - [TEST_STEP][PASSED] - closeBrowser(): Browser is closed

2021-08-11 16:22:50 - [MESSAGE][PASSED] - Browser is closed]]></system-out>
         <system-err><![CDATA[]]></system-err>
      </testcase>
      <testcase name="Test Cases/Kim Test" time="21.261" classname="Test Cases/Kim Test" status="PASSED">
         <system-out><![CDATA[2021-08-11 16:22:50 - [TEST_CASE][PASSED] - Test Cases/Kim Test: Test Cases/Kim Test

2021-08-11 16:22:50 - [TEST_STEP][PASSED] - openBrowser(""): Browser is opened with url: ''

2021-08-11 16:22:50 - [MESSAGE][INFO] - Starting 'Chrome' driver

2021-08-11 16:22:50 - [MESSAGE][INFO] - Action delay is set to 0 milliseconds

2021-08-11 16:22:53 - [MESSAGE][PASSED] - Browser is opened with url: ''

2021-08-11 16:22:53 - [TEST_STEP][PASSED] - navigateToUrl("lifecharger.org"): Navigate to 'http://lifecharger.org' successfully

2021-08-11 16:23:10 - [MESSAGE][PASSED] - Navigate to 'http://lifecharger.org' successfully

2021-08-11 16:23:10 - [TEST_STEP][PASSED] - closeBrowser(): Browser is closed

2021-08-11 16:23:11 - [MESSAGE][PASSED] - Browser is closed]]></system-out>
         <system-err><![CDATA[]]></system-err>
      </testcase>
      <system-out><![CDATA[2021-08-11 16:22:05 - [TEST_SUITE][PASSED] - TestSuite1: Test Cases/Kim Test]]></system-out>
      <system-err><![CDATA[]]></system-err>
   </testsuite>
</testsuites>
