<?xml version="1.0" encoding="UTF-8"?>
<testsuites name="TestSuite1" time="1.264" tests="0" failures="0" errors="0">
   <testsuite name="TestSuite1" tests="0" failures="0" errors="0" time="1.264" skipped="0" timestamp="2021-08-11 16:12:25" hostname="HP - LAPTOP-CBKH7654" id="Test Suites/TestSuite1">
      <properties>
         <property name="deviceName" value=""/>
         <property name="devicePlatform" value=""/>
         <property name="logFolder" value="C:\\Users\\HP\\git\\katalon-git-test\\Reports\\20210811_161203\\TestSuite1\\20210811_161217"/>
         <property name="logFiles" value="C:\\Users\\HP\\git\\katalon-git-test\\Reports\\20210811_161203\\TestSuite1\\20210811_161217\\execution0.log"/>
         <property name="attachments" value=""/>
         <property name="hostName" value="HP - LAPTOP-CBKH7654"/>
         <property name="hostAddress" value="192.168.56.1"/>
         <property name="os" value="Windows 10 64bit"/>
         <property name="katalonVersion" value="8.0.5.208"/>
      </properties>
      <system-out><![CDATA[2021-08-11 16:12:25 - [TEST_SUITE][PASSED] - TestSuite1: null]]></system-out>
      <system-err><![CDATA[]]></system-err>
   </testsuite>
</testsuites>
